2018-06-27 07:00:30 +0000  Initial pipeline context: <IDEDistributionProcessingPipelineContext: 0x7fa85b074790; archive(resolved)='<IDEArchive: 0x7fa83ec03050>', distributionTask(resolved)='2', distributionMethod(resolved)='<IDEDistributionMethodiOSAppStoreExport: 0x7fa856e695f0>', team(resolved)='<IDEProvisioningBasicTeam: 0x7fa8403ab4a0; teamID='GDME24U7FM', teamName='Pioneer Corporation'>'>
	Chain (11, self inclusive):
	<IDEDistributionProcessingPipelineContext: 0x7fa85b074790; archive = '<IDEArchive: 0x7fa83ec03050>', distributionMethod='<IDEDistributionMethodiOSAppStoreExport: 0x7fa856e695f0>', team='<IDEProvisioningBasicTeam: 0x7fa8403ab4a0; teamID='GDME24U7FM', teamName='Pioneer Corporation'>'>
	<IDEDistributionProcessingPipelineContext: 0x7fa84050d220; archive = '<IDEArchive: 0x7fa83ec03050>', distributionMethod='<IDEDistributionMethodiOSAppStoreExport: 0x7fa856e695f0>', team='<IDEProvisioningBasicTeam: 0x7fa8403ab4a0; teamID='GDME24U7FM', teamName='Pioneer Corporation'>'>
	<IDEDistributionContext: 0x7fa84074a4f0; archive = '<IDEArchive: 0x7fa83ec03050>', distributionMethod='<IDEDistributionMethodiOSAppStoreExport: 0x7fa856e695f0>', team='<IDEProvisioningBasicTeam: 0x7fa8403ab4a0; teamID='GDME24U7FM', teamName='Pioneer Corporation'>'>
	<IDEDistributionContext: 0x7fa8408b70e0; archive = '<IDEArchive: 0x7fa83ec03050>', distributionMethod='<IDEDistributionMethodiOSAppStoreExport: 0x7fa856e695f0>', team='<IDEProvisioningBasicTeam: 0x7fa8403ab4a0; teamID='GDME24U7FM', teamName='Pioneer Corporation'>'>
	<IDEDistributionContext: 0x7fa840bc3a40; archive = '<IDEArchive: 0x7fa83ec03050>', distributionMethod='<IDEDistributionMethodiOSAppStoreExport: 0x7fa856e695f0>', team='<IDEProvisioningBasicTeam: 0x7fa8403ab4a0; teamID='GDME24U7FM', teamName='Pioneer Corporation'>'>
	<IDEDistributionContext: 0x7fa83ec82fc0; archive = '<IDEArchive: 0x7fa83ec03050>', distributionMethod='<IDEDistributionMethodiOSAppStoreExport: 0x7fa856e695f0>', team='<IDEProvisioningBasicTeam: 0x7fa8403ab4a0; teamID='GDME24U7FM', teamName='Pioneer Corporation'>'>
	<IDEDistributionContext: 0x7fa840c81610; archive = '<IDEArchive: 0x7fa83ec03050>', distributionMethod='<IDEDistributionMethodiOSAppStoreExport: 0x7fa856e695f0>', team='<IDEProvisioningBasicTeam: 0x7fa8403ab4a0; teamID='GDME24U7FM', teamName='Pioneer Corporation'>'>
	<IDEDistributionContext: 0x7fa83ed7ab00; archive = '<IDEArchive: 0x7fa83ec03050>', distributionMethod='<IDEDistributionMethodiOSAppStoreExport: 0x7fa856e695f0>', team='<IDEProvisioningBasicTeam: 0x7fa8403ab4a0; teamID='GDME24U7FM', teamName='Pioneer Corporation'>'>
	<IDEDistributionContext: 0x7fa840cdfa50; archive = '<IDEArchive: 0x7fa83ec03050>', distributionMethod='<IDEDistributionMethodiOSAppStoreExport: 0x7fa856e695f0>', team='<IDEProvisioningBasicTeam: 0x7fa8403ab4a0; teamID='GDME24U7FM', teamName='Pioneer Corporation'>'>
	<IDEDistributionContext: 0x7fa83efb9d30; archive = '<IDEArchive: 0x7fa83ec03050>', distributionMethod='<IDEDistributionMethodiOSAppStoreExport: 0x7fa856e695f0>', team='(null)'>
	<IDEDistributionContext: 0x7fa840347920; archive = '<IDEArchive: 0x7fa83ec03050>', distributionMethod='(null)', team='(null)'>
</IDEDistributionProcessingPipelineContext: 0x7fa85b074790>
2018-06-27 07:00:30 +0000  Processing step: IDEDistributionCreateDestRootStep
2018-06-27 07:00:30 +0000  Processing step: IDEDistributionCopyItemStep
2018-06-27 07:00:30 +0000  Running /usr/bin/ditto '-V' '/Users/lifuchi/Library/Developer/Xcode/Archives/2018-06-27/Pioneer 2018-6-27 下午2.59.xcarchive/Products/Applications/Pioneer.app' '/var/folders/2x/xh6x_cwx48x1vsvcjybwdrh80000gn/T/XcodeDistPipeline.Vo9/Root/Payload/Pioneer.app'
2018-06-27 07:00:30 +0000  >>> Copying /Users/lifuchi/Library/Developer/Xcode/Archives/2018-06-27/Pioneer 2018-6-27 下午2.59.xcarchive/Products/Applications/Pioneer.app 
2018-06-27 07:00:30 +0000  copying file ./_CodeSignature/CodeResources ... 
2018-06-27 07:00:30 +0000  29923 bytes for ./_CodeSignature/CodeResources
2018-06-27 07:00:30 +0000  copying file ./APKDownloadInfoView.nib ... 
2018-06-27 07:00:30 +0000  5494 bytes for ./APKDownloadInfoView.nib
copying file ./APKFlodersView.nib ... 
2018-06-27 07:00:30 +0000  8233 bytes for ./APKFlodersView.nib
copying file ./APKTabBar.nib ... 
2018-06-27 07:00:30 +0000  2037 bytes for ./APKTabBar.nib
2018-06-27 07:00:30 +0000  copying file ./APKTabBarCell.nib ... 
2018-06-27 07:00:30 +0000  1658 bytes for ./APKTabBarCell.nib
copying file ./AppIcon20x20@2x.png ... 
2018-06-27 07:00:30 +0000  4217 bytes for ./AppIcon20x20@2x.png
copying file ./AppIcon20x20@3x.png ... 
2018-06-27 07:00:30 +0000  5356 bytes for ./AppIcon20x20@3x.png
copying file ./AppIcon29x29@2x.png ... 
2018-06-27 07:00:30 +0000  8685 bytes for ./AppIcon29x29@2x.png
copying file ./AppIcon29x29@3x.png ... 
2018-06-27 07:00:30 +0000  7203 bytes for ./AppIcon29x29@3x.png
2018-06-27 07:00:30 +0000  copying file ./AppIcon40x40@2x.png ... 
2018-06-27 07:00:30 +0000  6737 bytes for ./AppIcon40x40@2x.png
copying file ./AppIcon40x40@3x.png ... 
2018-06-27 07:00:30 +0000  9156 bytes for ./AppIcon40x40@3x.png
copying file ./AppIcon60x60@2x.png ... 
2018-06-27 07:00:30 +0000  9156 bytes for ./AppIcon60x60@2x.png
copying file ./AppIcon60x60@3x.png ... 
12628 bytes for ./AppIcon60x60@3x.png
copying file ./Assets.car ... 
2018-06-27 07:00:30 +0000  3038664 bytes for ./Assets.car
2018-06-27 07:00:31 +0000  copying file ./Base.lproj/Main.storyboardc/8zP-0E-1S5-view-P3e-RX-iFZ.nib ... 
2018-06-27 07:00:31 +0000  4653 bytes for ./Base.lproj/Main.storyboardc/8zP-0E-1S5-view-P3e-RX-iFZ.nib
copying file ./Base.lproj/Main.storyboardc/DQe-i3-mW9-view-IzG-GK-g0r.nib ... 
2018-06-27 07:00:31 +0000  4906 bytes for ./Base.lproj/Main.storyboardc/DQe-i3-mW9-view-IzG-GK-g0r.nib
copying file ./Base.lproj/Main.storyboardc/H5Q-wl-Ncq-view-rPz-MC-BlG.nib ... 
2018-06-27 07:00:31 +0000  1805 bytes for ./Base.lproj/Main.storyboardc/H5Q-wl-Ncq-view-rPz-MC-BlG.nib
copying file ./Base.lproj/Main.storyboardc/Info.plist ... 
2018-06-27 07:00:31 +0000  731 bytes for ./Base.lproj/Main.storyboardc/Info.plist
copying file ./Base.lproj/Main.storyboardc/NbE-J5-Epm-view-DeS-qh-E6U.nib ... 
2018-06-27 07:00:31 +0000  9036 bytes for ./Base.lproj/Main.storyboardc/NbE-J5-Epm-view-DeS-qh-E6U.nib
copying file ./Base.lproj/Main.storyboardc/nihao.nib ... 
2018-06-27 07:00:31 +0000  3072 bytes for ./Base.lproj/Main.storyboardc/nihao.nib
copying file ./Base.lproj/Main.storyboardc/OtD-39-nin-view-Lfy-sM-j5u.nib ... 
2018-06-27 07:00:31 +0000  13157 bytes for ./Base.lproj/Main.storyboardc/OtD-39-nin-view-Lfy-sM-j5u.nib
copying file ./Base.lproj/Main.storyboardc/q5Z-AS-1tK-view-Dwn-HE-Ewc.nib ... 
2018-06-27 07:00:31 +0000  12807 bytes for ./Base.lproj/Main.storyboardc/q5Z-AS-1tK-view-Dwn-HE-Ewc.nib
copying file ./Base.lproj/Main.storyboardc/specification.nib ... 
2018-06-27 07:00:31 +0000  2543 bytes for ./Base.lproj/Main.storyboardc/specification.nib
2018-06-27 07:00:31 +0000  copying file ./Base.lproj/Main.storyboardc/ThE-Cy-KPm-view-90Q-Gr-0mF.nib ... 
2018-06-27 07:00:31 +0000  2276 bytes for ./Base.lproj/Main.storyboardc/ThE-Cy-KPm-view-90Q-Gr-0mF.nib
copying file ./Base.lproj/Main.storyboardc/u5I-hE-Y7j-view-5k2-5Y-0hQ.nib ... 
2018-06-27 07:00:31 +0000  4320 bytes for ./Base.lproj/Main.storyboardc/u5I-hE-Y7j-view-5k2-5Y-0hQ.nib
copying file ./Base.lproj/Main.storyboardc/UITabBarController-CHW-tB-Qw3.nib ... 
2018-06-27 07:00:31 +0000  4049 bytes for ./Base.lproj/Main.storyboardc/UITabBarController-CHW-tB-Qw3.nib
copying file ./Base.lproj/Main.storyboardc/UITableViewController-OtD-39-nin.nib ... 
2018-06-27 07:00:31 +0000  983 bytes for ./Base.lproj/Main.storyboardc/UITableViewController-OtD-39-nin.nib
copying file ./Base.lproj/Main.storyboardc/UIViewController-8zP-0E-1S5.nib ... 
2018-06-27 07:00:31 +0000  971 bytes for ./Base.lproj/Main.storyboardc/UIViewController-8zP-0E-1S5.nib
copying file ./Base.lproj/Main.storyboardc/UIViewController-NbE-J5-Epm.nib ... 
2018-06-27 07:00:31 +0000  1451 bytes for ./Base.lproj/Main.storyboardc/UIViewController-NbE-J5-Epm.nib
copying file ./Base.lproj/Main.storyboardc/UIViewController-q5Z-AS-1tK.nib ... 
2018-06-27 07:00:31 +0000  1270 bytes for ./Base.lproj/Main.storyboardc/UIViewController-q5Z-AS-1tK.nib
copying file ./Base.lproj/Main.storyboardc/UIViewController-u5I-hE-Y7j.nib ... 
2018-06-27 07:00:31 +0000  1273 bytes for ./Base.lproj/Main.storyboardc/UIViewController-u5I-hE-Y7j.nib
copying file ./Base.lproj/Main.storyboardc/UIViewController-wSA-rX-7Wi.nib ... 
2018-06-27 07:00:31 +0000  1268 bytes for ./Base.lproj/Main.storyboardc/UIViewController-wSA-rX-7Wi.nib
copying file ./Base.lproj/Main.storyboardc/vxr-1Y-6e1-view-8Qk-GB-n3y.nib ... 
2018-06-27 07:00:31 +0000  7348 bytes for ./Base.lproj/Main.storyboardc/vxr-1Y-6e1-view-8Qk-GB-n3y.nib
2018-06-27 07:00:31 +0000  copying file ./Base.lproj/Main.storyboardc/wSA-rX-7Wi-view-aZ0-Rz-psv.nib ... 
2018-06-27 07:00:31 +0000  12825 bytes for ./Base.lproj/Main.storyboardc/wSA-rX-7Wi-view-aZ0-Rz-psv.nib
2018-06-27 07:00:31 +0000  copying file ./embedded.mobileprovision ... 
2018-06-27 07:00:31 +0000  46871 bytes for ./embedded.mobileprovision
2018-06-27 07:00:31 +0000  copying file ./en.lproj/InfoPlist.strings ... 
2018-06-27 07:00:31 +0000  198 bytes for ./en.lproj/InfoPlist.strings
copying file ./en.lproj/Localizable.strings ... 
2018-06-27 07:00:31 +0000  42 bytes for ./en.lproj/Localizable.strings
2018-06-27 07:00:31 +0000  copying file ./Info.plist ... 
2018-06-27 07:00:31 +0000  1819 bytes for ./Info.plist
2018-06-27 07:00:31 +0000  copying file ./ja.lproj/InfoPlist.strings ... 
2018-06-27 07:00:31 +0000  177 bytes for ./ja.lproj/InfoPlist.strings
copying file ./ja.lproj/Localizable.strings ... 
2018-06-27 07:00:31 +0000  1665 bytes for ./ja.lproj/Localizable.strings
copying file ./ja.lproj/Main.strings ... 
2018-06-27 07:00:31 +0000  2686 bytes for ./ja.lproj/Main.strings
2018-06-27 07:00:31 +0000  copying file ./Launch Screen.storyboardc/01J-lp-oVM-view-Ze5-6b-2t3.nib ... 
2018-06-27 07:00:31 +0000  2305 bytes for ./Launch Screen.storyboardc/01J-lp-oVM-view-Ze5-6b-2t3.nib
copying file ./Launch Screen.storyboardc/Info.plist ... 
2018-06-27 07:00:31 +0000  258 bytes for ./Launch Screen.storyboardc/Info.plist
copying file ./Launch Screen.storyboardc/UIViewController-01J-lp-oVM.nib ... 
2018-06-27 07:00:31 +0000  832 bytes for ./Launch Screen.storyboardc/UIViewController-01J-lp-oVM.nib
2018-06-27 07:00:31 +0000  copying file ./LaunchImage-1100-Portrait-2436h@3x.png ... 
2018-06-27 07:00:31 +0000  105492 bytes for ./LaunchImage-1100-Portrait-2436h@3x.png
copying file ./LaunchImage-568h@2x.png ... 
15905 bytes for ./LaunchImage-568h@2x.png
copying file ./LaunchImage-700-568h@2x.png ... 
2018-06-27 07:00:31 +0000  15905 bytes for ./LaunchImage-700-568h@2x.png
copying file ./LaunchImage-700@2x.png ... 
2018-06-27 07:00:31 +0000  15225 bytes for ./LaunchImage-700@2x.png
copying file ./LaunchImage-800-667h@2x.png ... 
2018-06-27 07:00:31 +0000  19413 bytes for ./LaunchImage-800-667h@2x.png
copying file ./LaunchImage-800-Portrait-736h@3x.png ... 
2018-06-27 07:00:31 +0000  32225 bytes for ./LaunchImage-800-Portrait-736h@3x.png
copying file ./LaunchImage@2x.png ... 
15225 bytes for ./LaunchImage@2x.png
2018-06-27 07:00:31 +0000  copying file ./MWPhotoBrowser.bundle/images/Checkmark.png ... 
2018-06-27 07:00:31 +0000  1609 bytes for ./MWPhotoBrowser.bundle/images/Checkmark.png
copying file ./MWPhotoBrowser.bundle/images/Checkmark@2x.png ... 
2018-06-27 07:00:31 +0000  2156 bytes for ./MWPhotoBrowser.bundle/images/Checkmark@2x.png
2018-06-27 07:00:31 +0000  copying file ./MWPhotoBrowser.bundle/images/ImageError.png ... 
2018-06-27 07:00:31 +0000  1187 bytes for ./MWPhotoBrowser.bundle/images/ImageError.png
copying file ./MWPhotoBrowser.bundle/images/ImageError@2x.png ... 
2018-06-27 07:00:31 +0000  1533 bytes for ./MWPhotoBrowser.bundle/images/ImageError@2x.png
copying file ./MWPhotoBrowser.bundle/images/ImageSelectedOff.png ... 
2018-06-27 07:00:31 +0000  2641 bytes for ./MWPhotoBrowser.bundle/images/ImageSelectedOff.png
copying file ./MWPhotoBrowser.bundle/images/ImageSelectedOff@2x.png ... 
2018-06-27 07:00:31 +0000  4839 bytes for ./MWPhotoBrowser.bundle/images/ImageSelectedOff@2x.png
copying file ./MWPhotoBrowser.bundle/images/ImageSelectedOn.png ... 
2018-06-27 07:00:31 +0000  2682 bytes for ./MWPhotoBrowser.bundle/images/ImageSelectedOn.png
copying file ./MWPhotoBrowser.bundle/images/ImageSelectedOn@2x.png ... 
2018-06-27 07:00:31 +0000  4571 bytes for ./MWPhotoBrowser.bundle/images/ImageSelectedOn@2x.png
2018-06-27 07:00:31 +0000  copying file ./MWPhotoBrowser.bundle/images/ImageSelectedSmallOff.png ... 
2018-06-27 07:00:31 +0000  1932 bytes for ./MWPhotoBrowser.bundle/images/ImageSelectedSmallOff.png
copying file ./MWPhotoBrowser.bundle/images/ImageSelectedSmallOff@2x.png ... 
2018-06-27 07:00:31 +0000  3296 bytes for ./MWPhotoBrowser.bundle/images/ImageSelectedSmallOff@2x.png
copying file ./MWPhotoBrowser.bundle/images/ImageSelectedSmallOn.png ... 
2018-06-27 07:00:31 +0000  2141 bytes for ./MWPhotoBrowser.bundle/images/ImageSelectedSmallOn.png
copying file ./MWPhotoBrowser.bundle/images/ImageSelectedSmallOn@2x.png ... 
2018-06-27 07:00:31 +0000  3543 bytes for ./MWPhotoBrowser.bundle/images/ImageSelectedSmallOn@2x.png
copying file ./MWPhotoBrowser.bundle/images/UIBarButtonItemArrowLeft.png ... 
2018-06-27 07:00:31 +0000  1169 bytes for ./MWPhotoBrowser.bundle/images/UIBarButtonItemArrowLeft.png
copying file ./MWPhotoBrowser.bundle/images/UIBarButtonItemArrowLeft@2x.png ... 
2018-06-27 07:00:31 +0000  1360 bytes for ./MWPhotoBrowser.bundle/images/UIBarButtonItemArrowLeft@2x.png
copying file ./MWPhotoBrowser.bundle/images/UIBarButtonItemArrowOutlineLeft.png ... 
2018-06-27 07:00:31 +0000  1135 bytes for ./MWPhotoBrowser.bundle/images/UIBarButtonItemArrowOutlineLeft.png
copying file ./MWPhotoBrowser.bundle/images/UIBarButtonItemArrowOutlineLeft@2x.png ... 
2018-06-27 07:00:31 +0000  1261 bytes for ./MWPhotoBrowser.bundle/images/UIBarButtonItemArrowOutlineLeft@2x.png
copying file ./MWPhotoBrowser.bundle/images/UIBarButtonItemArrowOutlineRight.png ... 
2018-06-27 07:00:31 +0000  1115 bytes for ./MWPhotoBrowser.bundle/images/UIBarButtonItemArrowOutlineRight.png
copying file ./MWPhotoBrowser.bundle/images/UIBarButtonItemArrowOutlineRight@2x.png ... 
2018-06-27 07:00:31 +0000  1253 bytes for ./MWPhotoBrowser.bundle/images/UIBarButtonItemArrowOutlineRight@2x.png
copying file ./MWPhotoBrowser.bundle/images/UIBarButtonItemArrowRight.png ... 
2018-06-27 07:00:31 +0000  1158 bytes for ./MWPhotoBrowser.bundle/images/UIBarButtonItemArrowRight.png
copying file ./MWPhotoBrowser.bundle/images/UIBarButtonItemArrowRight@2x.png ... 
2018-06-27 07:00:31 +0000  1355 bytes for ./MWPhotoBrowser.bundle/images/UIBarButtonItemArrowRight@2x.png
copying file ./MWPhotoBrowser.bundle/images/UIBarButtonItemGrid.png ... 
2018-06-27 07:00:31 +0000  1044 bytes for ./MWPhotoBrowser.bundle/images/UIBarButtonItemGrid.png
copying file ./MWPhotoBrowser.bundle/images/UIBarButtonItemGrid@2x.png ... 
2018-06-27 07:00:31 +0000  1063 bytes for ./MWPhotoBrowser.bundle/images/UIBarButtonItemGrid@2x.png
copying file ./MWPhotoBrowser.bundle/images/UIBarButtonItemGridiOS6.png ... 
2018-06-27 07:00:31 +0000  1028 bytes for ./MWPhotoBrowser.bundle/images/UIBarButtonItemGridiOS6.png
copying file ./MWPhotoBrowser.bundle/images/UIBarButtonItemGridiOS6@2x.png ... 
2018-06-27 07:00:31 +0000  1058 bytes for ./MWPhotoBrowser.bundle/images/UIBarButtonItemGridiOS6@2x.png
2018-06-27 07:00:31 +0000  copying file ./Pioneer ... 
2018-06-27 07:00:31 +0000  33173344 bytes for ./Pioneer
2018-06-27 07:00:31 +0000  2018-06-27 07:00:31 +0000  /usr/bin/ditto exited with 0

2018-06-27 07:00:31 +0000  copying file ./PioneerModal.momd/PioneerModal.mom ... 
2088 bytes for ./PioneerModal.momd/PioneerModal.mom
copying file ./PioneerModal.momd/VersionInfo.plist ... 
154 bytes for ./PioneerModal.momd/VersionInfo.plist
copying file ./PkgInfo ... 
8 bytes for ./PkgInfo
copying file ./zh-Hans.lproj/InfoPlist.strings ... 
193 bytes for ./zh-Hans.lproj/InfoPlist.strings
copying file ./zh-Hans.lproj/Localizable.strings ... 
42 bytes for ./zh-Hans.lproj/Localizable.strings
copying file ./zh-Hans.lproj/Main.strings ... 
2686 bytes for ./zh-Hans.lproj/Main.strings
2018-06-27 07:00:31 +0000  2018-06-27 07:00:31 +0000  Processing step: IDEDistributionEmbedProfileStep

2018-06-27 07:00:31 +0000  Processing step: IDEDistributionItemRemovalStep
2018-06-27 07:00:31 +0000  Processing step: IDEDistributionAppThinningPlistStep
2018-06-27 07:00:31 +0000  Skipping step: IDEDistributionAppThinningPlistStep because it said so
2018-06-27 07:00:31 +0000  Processing step: IDEDistributionCompileBitcodeStep
2018-06-27 07:00:31 +0000  Skipping step: IDEDistributionCompileBitcodeStep because it said so
2018-06-27 07:00:31 +0000  Processing step: IDEDistributionCodeSlimmingStep
2018-06-27 07:00:31 +0000  Processing step: IDEDistributionCopyBCSymbolMapsStep
2018-06-27 07:00:31 +0000  Processing step: IDEDistributionSymbolsStep
2018-06-27 07:00:31 +0000  Processing symbols for Pioneer.app
2018-06-27 07:00:31 +0000  Running /usr/bin/rsync '-8aPhhE' '/var/folders/2x/xh6x_cwx48x1vsvcjybwdrh80000gn/T/XcodeDistPipeline.Vo9/Root/Payload/Pioneer.app' '--link-dest' '/var/folders/2x/xh6x_cwx48x1vsvcjybwdrh80000gn/T/XcodeDistPipeline.Vo9/Root/Payload' '/var/folders/2x/xh6x_cwx48x1vsvcjybwdrh80000gn/T/XcodeDistPipeline.Vo9'
2018-06-27 07:00:31 +0000  building file list ... 
2018-06-27 07:00:31 +0000   0 files...2018-06-27 07:00:31 +0000  96 files to consider
2018-06-27 07:00:31 +0000  Pioneer.app/
2018-06-27 07:00:31 +0000  Pioneer.app/Base.lproj/
Pioneer.app/Base.lproj/Main.storyboardc/
2018-06-27 07:00:31 +0000  Pioneer.app/Frameworks/
Pioneer.app/Launch Screen.storyboardc/
Pioneer.app/MWPhotoBrowser.bundle/
Pioneer.app/MWPhotoBrowser.bundle/images/
Pioneer.app/PioneerModal.momd/
Pioneer.app/_CodeSignature/
Pioneer.app/en.lproj/
Pioneer.app/ja.lproj/
Pioneer.app/ja.lproj/._Main.strings
2018-06-27 07:00:31 +0000           171 100%    0.00kB/s    0:00:00         171 100%    0.00kB/s    0:00:00 (xfer#1, to-check=8/96)
2018-06-27 07:00:31 +0000  Pioneer.app/zh-Hans.lproj/
2018-06-27 07:00:31 +0000  Pioneer.app/zh-Hans.lproj/._Main.strings
2018-06-27 07:00:31 +0000           171 100%  166.99kB/s    0:00:00         171 100%  166.99kB/s    0:00:00 (xfer#2, to-check=3/96)
2018-06-27 07:00:31 +0000  
sent 3.04K bytes  received 136 bytes  6.35K bytes/sec
total size is 35.00M  speedup is 11296.25
2018-06-27 07:00:31 +0000  
2018-06-27 07:00:31 +0000  
2018-06-27 07:00:31 +0000  2018-06-27 07:00:31 +0000  /usr/bin/rsync exited with 0

2018-06-27 07:00:31 +0000  
2018-06-27 07:00:31 +0000  Running /usr/bin/rsync '-8aPhhE' '/Users/lifuchi/Library/Developer/Xcode/Archives/2018-06-27/Pioneer 2018-6-27 下午2.59.xcarchive/dSYMs/' '--link-dest' '/Users/lifuchi/Library/Developer/Xcode/Archives/2018-06-27/Pioneer 2018-6-27 下午2.59.xcarchive/dSYMs/' '/var/folders/2x/xh6x_cwx48x1vsvcjybwdrh80000gn/T/XcodeDistPipeline.Vo9'
2018-06-27 07:00:31 +0000  building file list ... 
2018-06-27 07:00:31 +0000   0 files...2018-06-27 07:00:31 +0000  7 files to consider
2018-06-27 07:00:31 +0000  ./
2018-06-27 07:00:31 +0000  Pioneer.app.dSYM/
Pioneer.app.dSYM/Contents/
Pioneer.app.dSYM/Contents/Resources/
Pioneer.app.dSYM/Contents/Resources/DWARF/
2018-06-27 07:00:31 +0000  
sent 243 bytes  received 50 bytes  586.00 bytes/sec
total size is 136.91M  speedup is 489972.54
2018-06-27 07:00:31 +0000  
2018-06-27 07:00:31 +0000  
2018-06-27 07:00:31 +0000  2018-06-27 07:00:31 +0000  /usr/bin/rsync exited with 0

2018-06-27 07:00:31 +0000  
2018-06-27 07:00:31 +0000  Running /Applications/Xcode.app/Contents/Developer/usr/bin/symbols '-noTextInSOD' '-noDaemon' '-arch' 'all' '-symbolsPackageDir' '/var/folders/2x/xh6x_cwx48x1vsvcjybwdrh80000gn/T/XcodeDistPipeline.Vo9/Symbols' '/var/folders/2x/xh6x_cwx48x1vsvcjybwdrh80000gn/T/XcodeDistPipeline.Vo9/Pioneer.app.dSYM/Contents/Resources/Dwarf/Pioneer'
2018-06-27 07:00:35 +0000  /var/folders/2x/xh6x_cwx48x1vsvcjybwdrh80000gn/T/XcodeDistPipeline.Vo9/Pioneer.app.dSYM/Contents/Resources/Dwarf/Pioneer [armv7, 1.311475 seconds]:
/var/folders/2x/xh6x_cwx48x1vsvcjybwdrh80000gn/T/XcodeDistPipeline.Vo9/Pioneer.app.dSYM/Contents/Resources/Dwarf/Pioneer [arm64, 1.311475 seconds]:
2018-06-27 07:00:35 +0000  
2018-06-27 07:00:35 +0000  
2018-06-27 07:00:35 +0000  
2018-06-27 07:00:35 +0000  /Applications/Xcode.app/Contents/Developer/usr/bin/symbols exited with 02018-06-27 07:00:35 +0000  

2018-06-27 07:00:35 +0000  
2018-06-27 07:00:35 +0000  
2018-06-27 07:00:35 +0000  Processing step: IDEDistributionCopyAppleProvidedContentStep
2018-06-27 07:00:35 +0000  Processing step: IDEDistributionAppThinningStep
2018-06-27 07:00:35 +0000  Skipping step: IDEDistributionAppThinningStep because it said so
2018-06-27 07:00:35 +0000  Processing step: IDEDistributionODRStep
2018-06-27 07:00:35 +0000  Processing step: IDEDistributionStripXattrsStep
2018-06-27 07:00:35 +0000  Running /usr/bin/xattr '-crs' '/var/folders/2x/xh6x_cwx48x1vsvcjybwdrh80000gn/T/XcodeDistPipeline.Vo9/Root/Payload/Pioneer.app'
2018-06-27 07:00:36 +0000  
2018-06-27 07:00:36 +0000  
2018-06-27 07:00:36 +0000  /usr/bin/xattr exited with 02018-06-27 07:00:36 +0000  

2018-06-27 07:00:36 +0000  2018-06-27 07:00:36 +0000  Processing step: IDEDistributionCodesignStep

2018-06-27 07:00:36 +0000  Entitlements for <IDEDistributionItem: 0x7fa840354970 'jp.pioneer.mbg.DriveRecorderInterface' '<DVTFilePath:0x7fa85ac07cc0:'/Users/lifuchi/Library/Developer/Xcode/Archives/2018-06-27/Pioneer 2018-6-27 下午2.59.xcarchive/Products/Applications/Pioneer.app'>'>: {
    "application-identifier" = "GDME24U7FM.jp.pioneer.mbg.DriveRecorderInterface";
    "beta-reports-active" = 1;
    "com.apple.developer.team-identifier" = GDME24U7FM;
    "get-task-allow" = 0;
    "keychain-access-groups" =     (
        "GDME24U7FM.jp.pioneer.mbg.DriveRecorderInterface"
    );
}
2018-06-27 07:00:36 +0000  Writing entitlements for <IDEDistributionItem: 0x7fa840354970 'jp.pioneer.mbg.DriveRecorderInterface' '<DVTFilePath:0x7fa85ac07cc0:'/Users/lifuchi/Library/Developer/Xcode/Archives/2018-06-27/Pioneer 2018-6-27 下午2.59.xcarchive/Products/Applications/Pioneer.app'>'> to: /var/folders/2x/xh6x_cwx48x1vsvcjybwdrh80000gn/T/XcodeDistPipeline.Vo9/entitlementsRCZt2y
2018-06-27 07:00:36 +0000  Running /usr/bin/codesign '-vvv' '--force' '--sign' '9AFADB22F43701C688A32D9F3E2B5690493002D4' '--preserve-metadata=identifier,flags' '--entitlements' '/var/folders/2x/xh6x_cwx48x1vsvcjybwdrh80000gn/T/XcodeDistPipeline.Vo9/entitlementsRCZt2y' '/var/folders/2x/xh6x_cwx48x1vsvcjybwdrh80000gn/T/XcodeDistPipeline.Vo9/Root/Payload/Pioneer.app'
2018-06-27 07:00:36 +0000  /var/folders/2x/xh6x_cwx48x1vsvcjybwdrh80000gn/T/XcodeDistPipeline.Vo9/Root/Payload/Pioneer.app: replacing existing signature
2018-06-27 07:00:37 +0000  /var/folders/2x/xh6x_cwx48x1vsvcjybwdrh80000gn/T/XcodeDistPipeline.Vo9/Root/Payload/Pioneer.app: signed app bundle with Mach-O universal (armv7 arm64) [jp.pioneer.mbg.DriveRecorderInterface]
2018-06-27 07:00:37 +0000  
2018-06-27 07:00:37 +0000  2018-06-27 07:00:37 +0000  /usr/bin/codesign exited with 0

2018-06-27 07:00:37 +0000  
2018-06-27 07:00:37 +0000  Processing step: IDEDistributionStreamingZipItemStep
2018-06-27 07:00:37 +0000  Skipping step: IDEDistributionStreamingZipItemStep because it said so
2018-06-27 07:00:37 +0000  Processing step: IDEDistributionCreateIPAStep
2018-06-27 07:00:37 +0000  Running /usr/bin/rsync '-8aPhhE' '/var/folders/2x/xh6x_cwx48x1vsvcjybwdrh80000gn/T/XcodeDistPipeline.Vo9/Symbols' '--link-dest' '/var/folders/2x/xh6x_cwx48x1vsvcjybwdrh80000gn/T/XcodeDistPipeline.Vo9' '/var/folders/2x/xh6x_cwx48x1vsvcjybwdrh80000gn/T/XcodeDistPipeline.Vo9/Root'
2018-06-27 07:00:37 +0000  building file list ... 
2018-06-27 07:00:37 +0000   0 files...2018-06-27 07:00:37 +0000  3 files to consider
2018-06-27 07:00:37 +0000  Symbols/
2018-06-27 07:00:37 +0000  
sent 200 bytes  received 26 bytes  452.00 bytes/sec
2018-06-27 07:00:37 +0000  total size is 60.17M  speedup is 279187.43
2018-06-27 07:00:37 +0000  
2018-06-27 07:00:37 +0000  
2018-06-27 07:00:37 +0000  /usr/bin/rsync exited with 02018-06-27 07:00:37 +0000  

2018-06-27 07:00:37 +0000  
2018-06-27 07:00:37 +0000  
2018-06-27 07:00:37 +0000  Running /usr/bin/ditto '-V' '-c' '-k' '--norsrc' '/var/folders/2x/xh6x_cwx48x1vsvcjybwdrh80000gn/T/XcodeDistPipeline.Vo9/Root' '/var/folders/2x/xh6x_cwx48x1vsvcjybwdrh80000gn/T/XcodeDistPipeline.Vo9/Packages/Pioneer.ipa'
2018-06-27 07:00:37 +0000  >>> Copying /var/folders/2x/xh6x_cwx48x1vsvcjybwdrh80000gn/T/XcodeDistPipeline.Vo9/Root 
2018-06-27 07:00:37 +0000  copying file ./Payload/Pioneer.app/_CodeSignature/CodeResources ... 
2018-06-27 07:00:37 +0000  29923 bytes for ./Payload/Pioneer.app/_CodeSignature/CodeResources
2018-06-27 07:00:37 +0000  copying file ./Payload/Pioneer.app/APKDownloadInfoView.nib ... 
5494 bytes for ./Payload/Pioneer.app/APKDownloadInfoView.nib
copying file ./Payload/Pioneer.app/APKFlodersView.nib ... 
8233 bytes for ./Payload/Pioneer.app/APKFlodersView.nib
copying file ./Payload/Pioneer.app/APKTabBar.nib ... 
2037 bytes for ./Payload/Pioneer.app/APKTabBar.nib
copying file ./Payload/Pioneer.app/APKTabBarCell.nib ... 
1658 bytes for ./Payload/Pioneer.app/APKTabBarCell.nib
copying file ./Payload/Pioneer.app/AppIcon20x20@2x.png ... 
4217 bytes for ./Payload/Pioneer.app/AppIcon20x20@2x.png
copying file ./Payload/Pioneer.app/AppIcon20x20@3x.png ... 
2018-06-27 07:00:37 +0000  5356 bytes for ./Payload/Pioneer.app/AppIcon20x20@3x.png
2018-06-27 07:00:37 +0000  copying file ./Payload/Pioneer.app/AppIcon29x29@2x.png ... 
2018-06-27 07:00:37 +0000  8685 bytes for ./Payload/Pioneer.app/AppIcon29x29@2x.png
copying file ./Payload/Pioneer.app/AppIcon29x29@3x.png ... 
2018-06-27 07:00:37 +0000  7203 bytes for ./Payload/Pioneer.app/AppIcon29x29@3x.png
copying file ./Payload/Pioneer.app/AppIcon40x40@2x.png ... 
2018-06-27 07:00:37 +0000  6737 bytes for ./Payload/Pioneer.app/AppIcon40x40@2x.png
copying file ./Payload/Pioneer.app/AppIcon40x40@3x.png ... 
2018-06-27 07:00:37 +0000  9156 bytes for ./Payload/Pioneer.app/AppIcon40x40@3x.png
copying file ./Payload/Pioneer.app/AppIcon60x60@2x.png ... 
2018-06-27 07:00:37 +0000  9156 bytes for ./Payload/Pioneer.app/AppIcon60x60@2x.png
copying file ./Payload/Pioneer.app/AppIcon60x60@3x.png ... 
2018-06-27 07:00:37 +0000  12628 bytes for ./Payload/Pioneer.app/AppIcon60x60@3x.png
copying file ./Payload/Pioneer.app/Assets.car ... 
2018-06-27 07:00:37 +0000  3038664 bytes for ./Payload/Pioneer.app/Assets.car
2018-06-27 07:00:37 +0000  copying file ./Payload/Pioneer.app/Base.lproj/Main.storyboardc/8zP-0E-1S5-view-P3e-RX-iFZ.nib ... 
2018-06-27 07:00:37 +0000  4653 bytes for ./Payload/Pioneer.app/Base.lproj/Main.storyboardc/8zP-0E-1S5-view-P3e-RX-iFZ.nib
copying file ./Payload/Pioneer.app/Base.lproj/Main.storyboardc/DQe-i3-mW9-view-IzG-GK-g0r.nib ... 
2018-06-27 07:00:37 +0000  4906 bytes for ./Payload/Pioneer.app/Base.lproj/Main.storyboardc/DQe-i3-mW9-view-IzG-GK-g0r.nib
copying file ./Payload/Pioneer.app/Base.lproj/Main.storyboardc/H5Q-wl-Ncq-view-rPz-MC-BlG.nib ... 
2018-06-27 07:00:37 +0000  1805 bytes for ./Payload/Pioneer.app/Base.lproj/Main.storyboardc/H5Q-wl-Ncq-view-rPz-MC-BlG.nib
copying file ./Payload/Pioneer.app/Base.lproj/Main.storyboardc/Info.plist ... 
2018-06-27 07:00:37 +0000  731 bytes for ./Payload/Pioneer.app/Base.lproj/Main.storyboardc/Info.plist
copying file ./Payload/Pioneer.app/Base.lproj/Main.storyboardc/NbE-J5-Epm-view-DeS-qh-E6U.nib ... 
2018-06-27 07:00:37 +0000  9036 bytes for ./Payload/Pioneer.app/Base.lproj/Main.storyboardc/NbE-J5-Epm-view-DeS-qh-E6U.nib
copying file ./Payload/Pioneer.app/Base.lproj/Main.storyboardc/nihao.nib ... 
2018-06-27 07:00:37 +0000  3072 bytes for ./Payload/Pioneer.app/Base.lproj/Main.storyboardc/nihao.nib
copying file ./Payload/Pioneer.app/Base.lproj/Main.storyboardc/OtD-39-nin-view-Lfy-sM-j5u.nib ... 
2018-06-27 07:00:37 +0000  13157 bytes for ./Payload/Pioneer.app/Base.lproj/Main.storyboardc/OtD-39-nin-view-Lfy-sM-j5u.nib
copying file ./Payload/Pioneer.app/Base.lproj/Main.storyboardc/q5Z-AS-1tK-view-Dwn-HE-Ewc.nib ... 
2018-06-27 07:00:37 +0000  12807 bytes for ./Payload/Pioneer.app/Base.lproj/Main.storyboardc/q5Z-AS-1tK-view-Dwn-HE-Ewc.nib
copying file ./Payload/Pioneer.app/Base.lproj/Main.storyboardc/specification.nib ... 
2018-06-27 07:00:37 +0000  2543 bytes for ./Payload/Pioneer.app/Base.lproj/Main.storyboardc/specification.nib
copying file ./Payload/Pioneer.app/Base.lproj/Main.storyboardc/ThE-Cy-KPm-view-90Q-Gr-0mF.nib ... 
2018-06-27 07:00:37 +0000  2276 bytes for ./Payload/Pioneer.app/Base.lproj/Main.storyboardc/ThE-Cy-KPm-view-90Q-Gr-0mF.nib
copying file ./Payload/Pioneer.app/Base.lproj/Main.storyboardc/u5I-hE-Y7j-view-5k2-5Y-0hQ.nib ... 
2018-06-27 07:00:37 +0000  4320 bytes for ./Payload/Pioneer.app/Base.lproj/Main.storyboardc/u5I-hE-Y7j-view-5k2-5Y-0hQ.nib
copying file ./Payload/Pioneer.app/Base.lproj/Main.storyboardc/UITabBarController-CHW-tB-Qw3.nib ... 
2018-06-27 07:00:37 +0000  4049 bytes for ./Payload/Pioneer.app/Base.lproj/Main.storyboardc/UITabBarController-CHW-tB-Qw3.nib
copying file ./Payload/Pioneer.app/Base.lproj/Main.storyboardc/UITableViewController-OtD-39-nin.nib ... 
2018-06-27 07:00:37 +0000  983 bytes for ./Payload/Pioneer.app/Base.lproj/Main.storyboardc/UITableViewController-OtD-39-nin.nib
copying file ./Payload/Pioneer.app/Base.lproj/Main.storyboardc/UIViewController-8zP-0E-1S5.nib ... 
2018-06-27 07:00:37 +0000  971 bytes for ./Payload/Pioneer.app/Base.lproj/Main.storyboardc/UIViewController-8zP-0E-1S5.nib
copying file ./Payload/Pioneer.app/Base.lproj/Main.storyboardc/UIViewController-NbE-J5-Epm.nib ... 
2018-06-27 07:00:37 +0000  1451 bytes for ./Payload/Pioneer.app/Base.lproj/Main.storyboardc/UIViewController-NbE-J5-Epm.nib
copying file ./Payload/Pioneer.app/Base.lproj/Main.storyboardc/UIViewController-q5Z-AS-1tK.nib ... 
2018-06-27 07:00:37 +0000  1270 bytes for ./Payload/Pioneer.app/Base.lproj/Main.storyboardc/UIViewController-q5Z-AS-1tK.nib
copying file ./Payload/Pioneer.app/Base.lproj/Main.storyboardc/UIViewController-u5I-hE-Y7j.nib ... 
2018-06-27 07:00:37 +0000  1273 bytes for ./Payload/Pioneer.app/Base.lproj/Main.storyboardc/UIViewController-u5I-hE-Y7j.nib
copying file ./Payload/Pioneer.app/Base.lproj/Main.storyboardc/UIViewController-wSA-rX-7Wi.nib ... 
2018-06-27 07:00:37 +0000  1268 bytes for ./Payload/Pioneer.app/Base.lproj/Main.storyboardc/UIViewController-wSA-rX-7Wi.nib
copying file ./Payload/Pioneer.app/Base.lproj/Main.storyboardc/vxr-1Y-6e1-view-8Qk-GB-n3y.nib ... 
2018-06-27 07:00:37 +0000  7348 bytes for ./Payload/Pioneer.app/Base.lproj/Main.storyboardc/vxr-1Y-6e1-view-8Qk-GB-n3y.nib
2018-06-27 07:00:37 +0000  copying file ./Payload/Pioneer.app/Base.lproj/Main.storyboardc/wSA-rX-7Wi-view-aZ0-Rz-psv.nib ... 
2018-06-27 07:00:37 +0000  12825 bytes for ./Payload/Pioneer.app/Base.lproj/Main.storyboardc/wSA-rX-7Wi-view-aZ0-Rz-psv.nib
2018-06-27 07:00:37 +0000  copying file ./Payload/Pioneer.app/embedded.mobileprovision ... 
2018-06-27 07:00:37 +0000  7603 bytes for ./Payload/Pioneer.app/embedded.mobileprovision
2018-06-27 07:00:37 +0000  copying file ./Payload/Pioneer.app/en.lproj/InfoPlist.strings ... 
198 bytes for ./Payload/Pioneer.app/en.lproj/InfoPlist.strings
2018-06-27 07:00:37 +0000  copying file ./Payload/Pioneer.app/en.lproj/Localizable.strings ... 
42 bytes for ./Payload/Pioneer.app/en.lproj/Localizable.strings
2018-06-27 07:00:37 +0000  copying file ./Payload/Pioneer.app/Info.plist ... 
2018-06-27 07:00:37 +0000  1819 bytes for ./Payload/Pioneer.app/Info.plist
copying file ./Payload/Pioneer.app/ja.lproj/InfoPlist.strings ... 
2018-06-27 07:00:37 +0000  177 bytes for ./Payload/Pioneer.app/ja.lproj/InfoPlist.strings
copying file ./Payload/Pioneer.app/ja.lproj/Localizable.strings ... 
2018-06-27 07:00:37 +0000  1665 bytes for ./Payload/Pioneer.app/ja.lproj/Localizable.strings
copying file ./Payload/Pioneer.app/ja.lproj/Main.strings ... 
2018-06-27 07:00:37 +0000  2686 bytes for ./Payload/Pioneer.app/ja.lproj/Main.strings
copying file ./Payload/Pioneer.app/Launch Screen.storyboardc/01J-lp-oVM-view-Ze5-6b-2t3.nib ... 
2018-06-27 07:00:37 +0000  2305 bytes for ./Payload/Pioneer.app/Launch Screen.storyboardc/01J-lp-oVM-view-Ze5-6b-2t3.nib
2018-06-27 07:00:37 +0000  copying file ./Payload/Pioneer.app/Launch Screen.storyboardc/Info.plist ... 
258 bytes for ./Payload/Pioneer.app/Launch Screen.storyboardc/Info.plist
copying file ./Payload/Pioneer.app/Launch Screen.storyboardc/UIViewController-01J-lp-oVM.nib ... 
2018-06-27 07:00:37 +0000  832 bytes for ./Payload/Pioneer.app/Launch Screen.storyboardc/UIViewController-01J-lp-oVM.nib
copying file ./Payload/Pioneer.app/LaunchImage-1100-Portrait-2436h@3x.png ... 
2018-06-27 07:00:37 +0000  105492 bytes for ./Payload/Pioneer.app/LaunchImage-1100-Portrait-2436h@3x.png
2018-06-27 07:00:37 +0000  copying file ./Payload/Pioneer.app/LaunchImage-568h@2x.png ... 
2018-06-27 07:00:37 +0000  15905 bytes for ./Payload/Pioneer.app/LaunchImage-568h@2x.png
copying file ./Payload/Pioneer.app/LaunchImage-700-568h@2x.png ... 
2018-06-27 07:00:37 +0000  15905 bytes for ./Payload/Pioneer.app/LaunchImage-700-568h@2x.png
copying file ./Payload/Pioneer.app/LaunchImage-700@2x.png ... 
2018-06-27 07:00:37 +0000  15225 bytes for ./Payload/Pioneer.app/LaunchImage-700@2x.png
2018-06-27 07:00:37 +0000  copying file ./Payload/Pioneer.app/LaunchImage-800-667h@2x.png ... 
2018-06-27 07:00:37 +0000  19413 bytes for ./Payload/Pioneer.app/LaunchImage-800-667h@2x.png
2018-06-27 07:00:37 +0000  copying file ./Payload/Pioneer.app/LaunchImage-800-Portrait-736h@3x.png ... 
2018-06-27 07:00:37 +0000  32225 bytes for ./Payload/Pioneer.app/LaunchImage-800-Portrait-736h@3x.png
2018-06-27 07:00:37 +0000  copying file ./Payload/Pioneer.app/LaunchImage@2x.png ... 
2018-06-27 07:00:37 +0000  15225 bytes for ./Payload/Pioneer.app/LaunchImage@2x.png
2018-06-27 07:00:37 +0000  copying file ./Payload/Pioneer.app/MWPhotoBrowser.bundle/images/Checkmark.png ... 
2018-06-27 07:00:37 +0000  1609 bytes for ./Payload/Pioneer.app/MWPhotoBrowser.bundle/images/Checkmark.png
copying file ./Payload/Pioneer.app/MWPhotoBrowser.bundle/images/Checkmark@2x.png ... 
2018-06-27 07:00:37 +0000  2156 bytes for ./Payload/Pioneer.app/MWPhotoBrowser.bundle/images/Checkmark@2x.png
copying file ./Payload/Pioneer.app/MWPhotoBrowser.bundle/images/ImageError.png ... 
2018-06-27 07:00:37 +0000  1187 bytes for ./Payload/Pioneer.app/MWPhotoBrowser.bundle/images/ImageError.png
2018-06-27 07:00:37 +0000  copying file ./Payload/Pioneer.app/MWPhotoBrowser.bundle/images/ImageError@2x.png ... 
2018-06-27 07:00:37 +0000  1533 bytes for ./Payload/Pioneer.app/MWPhotoBrowser.bundle/images/ImageError@2x.png
copying file ./Payload/Pioneer.app/MWPhotoBrowser.bundle/images/ImageSelectedOff.png ... 
2018-06-27 07:00:37 +0000  2641 bytes for ./Payload/Pioneer.app/MWPhotoBrowser.bundle/images/ImageSelectedOff.png
copying file ./Payload/Pioneer.app/MWPhotoBrowser.bundle/images/ImageSelectedOff@2x.png ... 
2018-06-27 07:00:37 +0000  4839 bytes for ./Payload/Pioneer.app/MWPhotoBrowser.bundle/images/ImageSelectedOff@2x.png
copying file ./Payload/Pioneer.app/MWPhotoBrowser.bundle/images/ImageSelectedOn.png ... 
2018-06-27 07:00:37 +0000  2682 bytes for ./Payload/Pioneer.app/MWPhotoBrowser.bundle/images/ImageSelectedOn.png
2018-06-27 07:00:37 +0000  copying file ./Payload/Pioneer.app/MWPhotoBrowser.bundle/images/ImageSelectedOn@2x.png ... 
2018-06-27 07:00:37 +0000  4571 bytes for ./Payload/Pioneer.app/MWPhotoBrowser.bundle/images/ImageSelectedOn@2x.png
copying file ./Payload/Pioneer.app/MWPhotoBrowser.bundle/images/ImageSelectedSmallOff.png ... 
2018-06-27 07:00:37 +0000  1932 bytes for ./Payload/Pioneer.app/MWPhotoBrowser.bundle/images/ImageSelectedSmallOff.png
copying file ./Payload/Pioneer.app/MWPhotoBrowser.bundle/images/ImageSelectedSmallOff@2x.png ... 
2018-06-27 07:00:37 +0000  3296 bytes for ./Payload/Pioneer.app/MWPhotoBrowser.bundle/images/ImageSelectedSmallOff@2x.png
copying file ./Payload/Pioneer.app/MWPhotoBrowser.bundle/images/ImageSelectedSmallOn.png ... 
2018-06-27 07:00:37 +0000  2141 bytes for ./Payload/Pioneer.app/MWPhotoBrowser.bundle/images/ImageSelectedSmallOn.png
2018-06-27 07:00:37 +0000  copying file ./Payload/Pioneer.app/MWPhotoBrowser.bundle/images/ImageSelectedSmallOn@2x.png ... 
2018-06-27 07:00:37 +0000  3543 bytes for ./Payload/Pioneer.app/MWPhotoBrowser.bundle/images/ImageSelectedSmallOn@2x.png
copying file ./Payload/Pioneer.app/MWPhotoBrowser.bundle/images/UIBarButtonItemArrowLeft.png ... 
2018-06-27 07:00:37 +0000  1169 bytes for ./Payload/Pioneer.app/MWPhotoBrowser.bundle/images/UIBarButtonItemArrowLeft.png
copying file ./Payload/Pioneer.app/MWPhotoBrowser.bundle/images/UIBarButtonItemArrowLeft@2x.png ... 
2018-06-27 07:00:37 +0000  1360 bytes for ./Payload/Pioneer.app/MWPhotoBrowser.bundle/images/UIBarButtonItemArrowLeft@2x.png
copying file ./Payload/Pioneer.app/MWPhotoBrowser.bundle/images/UIBarButtonItemArrowOutlineLeft.png ... 
2018-06-27 07:00:37 +0000  1135 bytes for ./Payload/Pioneer.app/MWPhotoBrowser.bundle/images/UIBarButtonItemArrowOutlineLeft.png
copying file ./Payload/Pioneer.app/MWPhotoBrowser.bundle/images/UIBarButtonItemArrowOutlineLeft@2x.png ... 
2018-06-27 07:00:37 +0000  1261 bytes for ./Payload/Pioneer.app/MWPhotoBrowser.bundle/images/UIBarButtonItemArrowOutlineLeft@2x.png
copying file ./Payload/Pioneer.app/MWPhotoBrowser.bundle/images/UIBarButtonItemArrowOutlineRight.png ... 
2018-06-27 07:00:37 +0000  1115 bytes for ./Payload/Pioneer.app/MWPhotoBrowser.bundle/images/UIBarButtonItemArrowOutlineRight.png
copying file ./Payload/Pioneer.app/MWPhotoBrowser.bundle/images/UIBarButtonItemArrowOutlineRight@2x.png ... 
2018-06-27 07:00:37 +0000  1253 bytes for ./Payload/Pioneer.app/MWPhotoBrowser.bundle/images/UIBarButtonItemArrowOutlineRight@2x.png
copying file ./Payload/Pioneer.app/MWPhotoBrowser.bundle/images/UIBarButtonItemArrowRight.png ... 
2018-06-27 07:00:37 +0000  1158 bytes for ./Payload/Pioneer.app/MWPhotoBrowser.bundle/images/UIBarButtonItemArrowRight.png
copying file ./Payload/Pioneer.app/MWPhotoBrowser.bundle/images/UIBarButtonItemArrowRight@2x.png ... 
2018-06-27 07:00:37 +0000  1355 bytes for ./Payload/Pioneer.app/MWPhotoBrowser.bundle/images/UIBarButtonItemArrowRight@2x.png
copying file ./Payload/Pioneer.app/MWPhotoBrowser.bundle/images/UIBarButtonItemGrid.png ... 
2018-06-27 07:00:37 +0000  1044 bytes for ./Payload/Pioneer.app/MWPhotoBrowser.bundle/images/UIBarButtonItemGrid.png
copying file ./Payload/Pioneer.app/MWPhotoBrowser.bundle/images/UIBarButtonItemGrid@2x.png ... 
2018-06-27 07:00:37 +0000  1063 bytes for ./Payload/Pioneer.app/MWPhotoBrowser.bundle/images/UIBarButtonItemGrid@2x.png
copying file ./Payload/Pioneer.app/MWPhotoBrowser.bundle/images/UIBarButtonItemGridiOS6.png ... 
2018-06-27 07:00:37 +0000  1028 bytes for ./Payload/Pioneer.app/MWPhotoBrowser.bundle/images/UIBarButtonItemGridiOS6.png
copying file ./Payload/Pioneer.app/MWPhotoBrowser.bundle/images/UIBarButtonItemGridiOS6@2x.png ... 
2018-06-27 07:00:37 +0000  1058 bytes for ./Payload/Pioneer.app/MWPhotoBrowser.bundle/images/UIBarButtonItemGridiOS6@2x.png
copying file ./Payload/Pioneer.app/Pioneer ... 
2018-06-27 07:00:38 +0000  33173408 bytes for ./Payload/Pioneer.app/Pioneer
2018-06-27 07:00:38 +0000  copying file ./Payload/Pioneer.app/PioneerModal.momd/PioneerModal.mom ... 
2088 bytes for ./Payload/Pioneer.app/PioneerModal.momd/PioneerModal.mom
copying file ./Payload/Pioneer.app/PioneerModal.momd/VersionInfo.plist ... 
154 bytes for ./Payload/Pioneer.app/PioneerModal.momd/VersionInfo.plist
copying file ./Payload/Pioneer.app/PkgInfo ... 
8 bytes for ./Payload/Pioneer.app/PkgInfo
copying file ./Payload/Pioneer.app/zh-Hans.lproj/InfoPlist.strings ... 
193 bytes for ./Payload/Pioneer.app/zh-Hans.lproj/InfoPlist.strings
copying file ./Payload/Pioneer.app/zh-Hans.lproj/Localizable.strings ... 
42 bytes for ./Payload/Pioneer.app/zh-Hans.lproj/Localizable.strings
copying file ./Payload/Pioneer.app/zh-Hans.lproj/Main.strings ... 
2686 bytes for ./Payload/Pioneer.app/zh-Hans.lproj/Main.strings
copying file ./Symbols/8FC1BFEE-5E63-36E7-80F6-2178E8E1F390.symbols ... 
2018-06-27 07:00:40 +0000  29625480 bytes for ./Symbols/8FC1BFEE-5E63-36E7-80F6-2178E8E1F390.symbols
copying file ./Symbols/AC855396-1499-3B04-AC18-4BF54B2B0BDD.symbols ... 
2018-06-27 07:00:42 +0000  33470880 bytes for ./Symbols/AC855396-1499-3B04-AC18-4BF54B2B0BDD.symbols
2018-06-27 07:00:42 +0000  
2018-06-27 07:00:42 +0000  2018-06-27 07:00:42 +0000  /usr/bin/ditto exited with 0

2018-06-27 07:00:42 +0000  2018-06-27 07:00:42 +0000  

2018-06-27 07:00:42 +0000  Processing step: IDEDistributionCreateManifestStep
2018-06-27 07:00:42 +0000  Skipping step: IDEDistributionCreateManifestStep because it said so
